2022.06.23 08:08:50 INFO  tracing is disabled for protocol LSP, to enable tracing of incoming and outgoing JSON messages create an empty file at /Users/lynnlangit/Documents/GitHub/TeamTeri/.metals/lsp.trace.json or /Users/lynnlangit/Library/Caches/org.scalameta.metals/lsp.trace.json
2022.06.23 08:08:51 INFO  logging to file /Users/lynnlangit/Documents/GitHub/TeamTeri/.metals/metals.log
2022.06.23 08:08:51 INFO  Started: Metals version 0.11.6 in workspace '/Users/lynnlangit/Documents/GitHub/TeamTeri' for client Visual Studio Code 1.68.1.
2022.06.23 08:08:55 INFO  time: initialize in 3.51s
2022.06.23 08:08:55 WARN  Flyway upgrade recommended: H2 2.1.212 is newer than this version of Flyway and support has not been tested. The latest supported version of H2 is 2.1.210.
2022.06.23 08:08:56 WARN  Build server is not auto-connectable.
2022.06.23 08:08:56 WARN  no build tool detected in workspace '/Users/lynnlangit/Documents/GitHub/TeamTeri'. The most common cause for this problem is that the editor was opened in the wrong working directory, for example if you use sbt then the workspace directory should contain build.sbt. 
2022.06.23 08:08:58 WARN  no build target for: /Users/lynnlangit/Documents/GitHub/TeamTeri/6_Programming_Languages/language-examples/testing.scala
Jun 23, 2022 8:08:58 AM org.eclipse.lsp4j.jsonrpc.RemoteEndpoint handleCancellation
WARNING: Unmatched cancel notification for request id 1
2022.06.23 08:08:58 WARN  no build target for: /Users/lynnlangit/Documents/GitHub/TeamTeri/6_Programming_Languages/language-examples/testing.scala
Jun 23, 2022 8:08:58 AM org.eclipse.lsp4j.jsonrpc.RemoteEndpoint handleCancellation
WARNING: Unmatched cancel notification for request id 2
Jun 23, 2022 8:08:58 AM org.eclipse.lsp4j.jsonrpc.RemoteEndpoint handleCancellation
WARNING: Unmatched cancel notification for request id 3
2022.06.23 08:08:59 WARN  no build target for: /Users/lynnlangit/Documents/GitHub/TeamTeri/6_Programming_Languages/language-examples/testing.scala
2022.06.23 08:09:17 INFO  no build target found for /Users/lynnlangit/Documents/GitHub/TeamTeri/6_Programming_Languages/language-examples/testing.scala. Using presentation compiler with project's scala-library version: 3.1.2
Jun 23, 2022 8:09:18 AM org.eclipse.lsp4j.jsonrpc.RemoteEndpoint handleCancellation
WARNING: Unmatched cancel notification for request id 17
2022.06.23 08:09:18 WARN  no build target for: /Users/lynnlangit/Documents/GitHub/TeamTeri/6_Programming_Languages/language-examples/testing.scala
Jun 23, 2022 8:09:18 AM org.eclipse.lsp4j.jsonrpc.RemoteEndpoint handleCancellation
WARNING: Unmatched cancel notification for request id 14
Jun 23, 2022 8:09:18 AM org.eclipse.lsp4j.jsonrpc.RemoteEndpoint handleCancellation
WARNING: Unmatched cancel notification for request id 28
Jun 23, 2022 8:09:18 AM org.eclipse.lsp4j.jsonrpc.RemoteEndpoint handleCancellation
WARNING: Unmatched cancel notification for request id 33
Jun 23, 2022 8:09:18 AM org.eclipse.lsp4j.jsonrpc.RemoteEndpoint handleCancellation
WARNING: Unmatched cancel notification for request id 32
Jun 23, 2022 8:09:18 AM org.eclipse.lsp4j.jsonrpc.RemoteEndpoint handleCancellation
WARNING: Unmatched cancel notification for request id 37
Jun 23, 2022 8:09:18 AM org.eclipse.lsp4j.jsonrpc.RemoteEndpoint handleCancellation
WARNING: Unmatched cancel notification for request id 36
Jun 23, 2022 8:09:18 AM org.eclipse.lsp4j.jsonrpc.RemoteEndpoint handleCancellation
WARNING: Unmatched cancel notification for request id 18
2022.06.23 08:09:18 WARN  no build target for: /Users/lynnlangit/Documents/GitHub/TeamTeri/6_Programming_Languages/language-examples/testing.scala
2022.06.23 08:09:20 INFO  time: code lens generation in 22s
2022.06.23 08:09:20 INFO  time: code lens generation in 2.19s
2022.06.23 08:09:20 INFO  time: code lens generation in 2.26s
2022.06.23 08:09:20 INFO  time: code lens generation in 2.3s
2022.06.23 08:09:20 INFO  time: code lens generation in 2.26s
2022.06.23 08:09:20 INFO  time: code lens generation in 2.22s
2022.06.23 08:09:20 INFO  time: code lens generation in 2.2s
2022.06.23 08:09:20 INFO  time: code lens generation in 22s
2022.06.23 08:09:20 INFO  time: code lens generation in 21s
2022.06.23 08:09:20 INFO  time: code lens generation in 2.12s
2022.06.23 08:09:20 INFO  time: code lens generation in 2.3s
2022.06.23 08:09:20 INFO  time: code lens generation in 2.2s
2022.06.23 08:09:20 INFO  time: code lens generation in 2.22s
2022.06.23 08:09:20 INFO  time: code lens generation in 2.24s
2022.06.23 08:09:20 INFO  time: code lens generation in 21s
2022.06.23 08:09:20 INFO  time: code lens generation in 2.19s
2022.06.23 08:09:20 INFO  time: code lens generation in 2.12s
2022.06.23 08:09:20 INFO  time: code lens generation in 2.24s
2022.06.23 08:09:23 WARN  no build target for: /Users/lynnlangit/Documents/GitHub/TeamTeri/6_Programming_Languages/language-examples/testing.scala
2022.06.23 08:09:24 WARN  no build target for: /Users/lynnlangit/Documents/GitHub/TeamTeri/6_Programming_Languages/language-examples/testing.scala
2022.06.23 08:09:26 WARN  no build target for: /Users/lynnlangit/Documents/GitHub/TeamTeri/6_Programming_Languages/language-examples/testing.scala
2022.06.23 08:09:28 WARN  no build target for: /Users/lynnlangit/Documents/GitHub/TeamTeri/6_Programming_Languages/language-examples/testing.scala
2022.06.23 08:09:29 WARN  no build target for: /Users/lynnlangit/Documents/GitHub/TeamTeri/6_Programming_Languages/language-examples/testing.scala
2022.06.23 08:09:33 WARN  no build target for: /Users/lynnlangit/Documents/GitHub/TeamTeri/6_Programming_Languages/language-examples/testing.scala
2022.06.23 08:09:36 WARN  no build target for: /Users/lynnlangit/Documents/GitHub/TeamTeri/6_Programming_Languages/language-examples/testing.scala
2022.06.23 08:09:38 WARN  no build target for: /Users/lynnlangit/Documents/GitHub/TeamTeri/6_Programming_Languages/language-examples/testing.scala
Jun 23, 2022 8:09:42 AM org.eclipse.lsp4j.jsonrpc.RemoteEndpoint fallbackResponseError
SEVERE: Internal error: file:///Users/lynnlangit/Documents/GitHub/TeamTeri/6_Programming_Languages/language-examples/testing.scala:1: error: unclosed comment
/*Create a Calculator class that has a method named add 
^
java.util.concurrent.CompletionException: file:///Users/lynnlangit/Documents/GitHub/TeamTeri/6_Programming_Languages/language-examples/testing.scala:1: error: unclosed comment
/*Create a Calculator class that has a method named add 
^
	at java.util.concurrent.CompletableFuture.encodeThrowable(CompletableFuture.java:292)
	at java.util.concurrent.CompletableFuture.completeThrowable(CompletableFuture.java:308)
	at java.util.concurrent.CompletableFuture.uniAccept(CompletableFuture.java:647)
	at java.util.concurrent.CompletableFuture$UniAccept.tryFire(CompletableFuture.java:632)
	at java.util.concurrent.CompletableFuture.postComplete(CompletableFuture.java:474)
	at java.util.concurrent.CompletableFuture.completeExceptionally(CompletableFuture.java:1977)
	at scala.meta.internal.metals.CancelTokens$.$anonfun$future$1(CancelTokens.scala:40)
	at scala.meta.internal.metals.CancelTokens$.$anonfun$future$1$adapted(CancelTokens.scala:38)
	at scala.concurrent.impl.Promise$Transformation.run(Promise.scala:484)
	at java.util.concurrent.ThreadPoolExecutor.runWorker(ThreadPoolExecutor.java:1142)
	at java.util.concurrent.ThreadPoolExecutor$Worker.run(ThreadPoolExecutor.java:617)
	at java.lang.Thread.run(Thread.java:745)
Caused by: file:///Users/lynnlangit/Documents/GitHub/TeamTeri/6_Programming_Languages/language-examples/testing.scala:1: error: unclosed comment
/*Create a Calculator class that has a method named add 
^
	at scala.meta.internal.tokenizers.Reporter.incompleteInputError(Reporter.scala:27)
	at scala.meta.internal.tokenizers.Reporter.incompleteInputError$(Reporter.scala:26)
	at scala.meta.internal.tokenizers.Reporter$$anon$1.incompleteInputError(Reporter.scala:33)
	at scala.meta.internal.tokenizers.Reporter.incompleteInputError(Reporter.scala:29)
	at scala.meta.internal.tokenizers.Reporter.incompleteInputError$(Reporter.scala:29)
	at scala.meta.internal.tokenizers.Reporter$$anon$1.incompleteInputError(Reporter.scala:33)
	at scala.meta.internal.tokenizers.LegacyScanner.skipNestedComments(LegacyScanner.scala:52)
	at scala.meta.internal.tokenizers.LegacyScanner.skipBlockComment(LegacyScanner.scala:58)
	at scala.meta.internal.tokenizers.LegacyScanner.skipToCommentEnd(LegacyScanner.scala:72)
	at scala.meta.internal.tokenizers.LegacyScanner.skipComment(LegacyScanner.scala:80)
	at scala.meta.internal.tokenizers.LegacyScanner.fetchToken(LegacyScanner.scala:345)
	at scala.meta.internal.tokenizers.LegacyScanner.nextToken(LegacyScanner.scala:245)
	at scala.meta.internal.mtags.ScalaToplevelMtags.loop(ScalaToplevelMtags.scala:193)
	at scala.meta.internal.mtags.ScalaToplevelMtags.indexRoot(ScalaToplevelMtags.scala:50)
	at scala.meta.internal.mtags.MtagsIndexer.index(MtagsIndexer.scala:19)
	at scala.meta.internal.mtags.MtagsIndexer.index$(MtagsIndexer.scala:18)
	at scala.meta.internal.mtags.ScalaToplevelMtags.index(ScalaToplevelMtags.scala:40)
	at scala.meta.internal.mtags.Mtags$.allToplevels(Mtags.scala:96)
	at scala.meta.internal.metals.DefinitionProvider.fromMtags(DefinitionProvider.scala:269)
	at scala.meta.internal.metals.DefinitionProvider.$anonfun$positionOccurrence$3(DefinitionProvider.scala:202)
	at scala.Option.orElse(Option.scala:477)
	at scala.meta.internal.metals.DefinitionProvider.$anonfun$positionOccurrence$1(DefinitionProvider.scala:202)
	at scala.Option.flatMap(Option.scala:283)
	at scala.meta.internal.metals.DefinitionProvider.positionOccurrence(DefinitionProvider.scala:197)
	at scala.meta.internal.metals.DocumentHighlightProvider.$anonfun$documentHighlight$1(DocumentHighlightProvider.scala:33)
	at scala.collection.immutable.List.map(List.scala:246)
	at scala.meta.internal.metals.DocumentHighlightProvider.documentHighlight(DocumentHighlightProvider.scala:29)
	at scala.meta.internal.metals.MetalsLanguageServer.$anonfun$documentHighlights$1(MetalsLanguageServer.scala:1477)
	at scala.meta.internal.metals.CancelTokens$.$anonfun$apply$2(CancelTokens.scala:26)
	at scala.concurrent.Future$.$anonfun$apply$1(Future.scala:678)
	at scala.concurrent.impl.Promise$Transformation.run(Promise.scala:467)
	... 3 more

Jun 23, 2022 8:09:44 AM org.eclipse.lsp4j.jsonrpc.RemoteEndpoint fallbackResponseError
SEVERE: Internal error: java.lang.ArrayIndexOutOfBoundsException: 3
java.util.concurrent.CompletionException: java.lang.ArrayIndexOutOfBoundsException: 3
	at java.util.concurrent.CompletableFuture.encodeThrowable(CompletableFuture.java:292)
	at java.util.concurrent.CompletableFuture.completeThrowable(CompletableFuture.java:308)
	at java.util.concurrent.CompletableFuture.uniAccept(CompletableFuture.java:647)
	at java.util.concurrent.CompletableFuture$UniAccept.tryFire(CompletableFuture.java:632)
	at java.util.concurrent.CompletableFuture.postComplete(CompletableFuture.java:474)
	at java.util.concurrent.CompletableFuture.completeExceptionally(CompletableFuture.java:1977)
	at scala.meta.internal.metals.CancelTokens$.$anonfun$future$1(CancelTokens.scala:40)
	at scala.meta.internal.metals.CancelTokens$.$anonfun$future$1$adapted(CancelTokens.scala:38)
	at scala.concurrent.impl.Promise$Transformation.run(Promise.scala:484)
	at java.util.concurrent.ThreadPoolExecutor.runWorker(ThreadPoolExecutor.java:1142)
	at java.util.concurrent.ThreadPoolExecutor$Worker.run(ThreadPoolExecutor.java:617)
	at java.lang.Thread.run(Thread.java:745)
Caused by: java.lang.ArrayIndexOutOfBoundsException: 3
	at scala.meta.internal.metals.formatting.MultilineString.doubleQuoteNotClosed(MultilineString.scala:229)
	at scala.meta.internal.metals.formatting.MultilineString.contribute(MultilineString.scala:385)
	at scala.meta.internal.metals.formatting.OnTypeFormattingProvider.$anonfun$format$2(OnTypeFormattingProvider.scala:68)
	at scala.meta.internal.metals.MetalsEnrichments$XtensionList.loop$1(MetalsEnrichments.scala:240)
	at scala.meta.internal.metals.MetalsEnrichments$XtensionList.acceptFirst(MetalsEnrichments.scala:249)
	at scala.meta.internal.metals.formatting.OnTypeFormattingProvider.$anonfun$format$1(OnTypeFormattingProvider.scala:67)
	at scala.Option.map(Option.scala:242)
	at scala.meta.internal.metals.formatting.OnTypeFormattingProvider.format(OnTypeFormattingProvider.scala:53)
	at scala.meta.internal.metals.MetalsLanguageServer.$anonfun$onTypeFormatting$1(MetalsLanguageServer.scala:1512)
	at scala.meta.internal.metals.CancelTokens$.$anonfun$apply$2(CancelTokens.scala:26)
	at scala.concurrent.Future$.$anonfun$apply$1(Future.scala:678)
	at scala.concurrent.impl.Promise$Transformation.run(Promise.scala:467)
	... 3 more

2022.06.23 08:09:45 WARN  no build target for: /Users/lynnlangit/Documents/GitHub/TeamTeri/6_Programming_Languages/language-examples/testing.scala
2022.06.23 08:09:53 WARN  no build target for: /Users/lynnlangit/Documents/GitHub/TeamTeri/6_Programming_Languages/language-examples/testing.scala
2022.06.23 08:09:54 WARN  no build target for: /Users/lynnlangit/Documents/GitHub/TeamTeri/6_Programming_Languages/language-examples/testing.scala
2022.06.23 08:10:00 WARN  no build target for: /Users/lynnlangit/Documents/GitHub/TeamTeri/6_Programming_Languages/language-examples/testing.scala
2022.06.23 08:10:01 WARN  no build target for: /Users/lynnlangit/Documents/GitHub/TeamTeri/6_Programming_Languages/language-examples/testing.scala
Jun 23, 2022 8:10:06 AM org.eclipse.lsp4j.jsonrpc.RemoteEndpoint handleCancellation
WARNING: Unmatched cancel notification for request id 101
2022.06.23 08:10:12 WARN  no build target for: /Users/lynnlangit/Documents/GitHub/TeamTeri/6_Programming_Languages/language-examples/testing.scala
2022.06.23 08:10:14 WARN  no build target for: /Users/lynnlangit/Documents/GitHub/TeamTeri/6_Programming_Languages/language-examples/testing.scala
2022.06.23 08:10:22 WARN  no build target for: /Users/lynnlangit/Documents/GitHub/TeamTeri/6_Programming_Languages/language-examples/testing.scala
2022.06.23 08:10:24 WARN  no build target for: /Users/lynnlangit/Documents/GitHub/TeamTeri/6_Programming_Languages/language-examples/testing.scala
Jun 23, 2022 8:10:25 AM org.eclipse.lsp4j.jsonrpc.RemoteEndpoint fallbackResponseError
SEVERE: Internal error: java.lang.reflect.InvocationTargetException
java.lang.RuntimeException: java.lang.reflect.InvocationTargetException
	at org.eclipse.lsp4j.jsonrpc.services.GenericEndpoint.lambda$null$0(GenericEndpoint.java:67)
	at org.eclipse.lsp4j.jsonrpc.services.GenericEndpoint.request(GenericEndpoint.java:120)
	at org.eclipse.lsp4j.jsonrpc.RemoteEndpoint.handleRequest(RemoteEndpoint.java:261)
	at org.eclipse.lsp4j.jsonrpc.RemoteEndpoint.consume(RemoteEndpoint.java:190)
	at org.eclipse.lsp4j.jsonrpc.json.StreamMessageProducer.handleMessage(StreamMessageProducer.java:194)
	at org.eclipse.lsp4j.jsonrpc.json.StreamMessageProducer.listen(StreamMessageProducer.java:94)
	at org.eclipse.lsp4j.jsonrpc.json.ConcurrentMessageProcessor.run(ConcurrentMessageProcessor.java:113)
	at java.util.concurrent.Executors$RunnableAdapter.call(Executors.java:511)
	at java.util.concurrent.FutureTask.run(FutureTask.java:266)
	at java.util.concurrent.ThreadPoolExecutor.runWorker(ThreadPoolExecutor.java:1142)
	at java.util.concurrent.ThreadPoolExecutor$Worker.run(ThreadPoolExecutor.java:617)
	at java.lang.Thread.run(Thread.java:745)
Caused by: java.lang.reflect.InvocationTargetException
	at sun.reflect.GeneratedMethodAccessor2.invoke(Unknown Source)
	at sun.reflect.DelegatingMethodAccessorImpl.invoke(DelegatingMethodAccessorImpl.java:43)
	at java.lang.reflect.Method.invoke(Method.java:498)
	at org.eclipse.lsp4j.jsonrpc.services.GenericEndpoint.lambda$null$0(GenericEndpoint.java:65)
	... 11 more
Caused by: java.lang.IllegalArgumentException: 17 is not a valid line number, allowed [0..10]
	at scala.meta.internal.inputs.InternalInput.lineToOffset(InternalInput.scala:37)
	at scala.meta.internal.inputs.InternalInput.lineToOffset$(InternalInput.scala:32)
	at scala.meta.inputs.Input$VirtualFile.lineToOffset(Input.scala:80)
	at scala.meta.inputs.Position$Range$.apply(Position.scala:59)
	at scala.meta.internal.mtags.MtagsEnrichments$XtensionPositionLspInverse.toMeta(MtagsEnrichments.scala:179)
	at scala.meta.internal.parsing.Trees.$anonfun$findLastEnclosingAt$4(Trees.scala:76)
	at scala.Option.flatMap(Option.scala:283)
	at scala.meta.internal.parsing.Trees.findLastEnclosingAt(Trees.scala:75)
	at scala.meta.internal.metals.codeactions.PatternMatchRefactor.contribute(PatternMatchRefactor.scala:96)
	at scala.meta.internal.metals.CodeActionProvider$$anonfun$1.applyOrElse(CodeActionProvider.scala:64)
	at scala.meta.internal.metals.CodeActionProvider$$anonfun$1.applyOrElse(CodeActionProvider.scala:63)
	at scala.collection.immutable.List.collect(List.scala:275)
	at scala.meta.internal.metals.CodeActionProvider.codeActions(CodeActionProvider.scala:63)
	at scala.meta.internal.metals.MetalsLanguageServer.$anonfun$codeAction$1(MetalsLanguageServer.scala:1649)
	at scala.meta.internal.metals.CancelTokens$.future(CancelTokens.scala:38)
	at scala.meta.internal.metals.MetalsLanguageServer.codeAction(MetalsLanguageServer.scala:1648)
	... 15 more

Jun 23, 2022 8:10:25 AM org.eclipse.lsp4j.jsonrpc.RemoteEndpoint fallbackResponseError
SEVERE: Internal error: java.lang.reflect.InvocationTargetException
java.lang.RuntimeException: java.lang.reflect.InvocationTargetException
	at org.eclipse.lsp4j.jsonrpc.services.GenericEndpoint.lambda$null$0(GenericEndpoint.java:67)
	at org.eclipse.lsp4j.jsonrpc.services.GenericEndpoint.request(GenericEndpoint.java:120)
	at org.eclipse.lsp4j.jsonrpc.RemoteEndpoint.handleRequest(RemoteEndpoint.java:261)
	at org.eclipse.lsp4j.jsonrpc.RemoteEndpoint.consume(RemoteEndpoint.java:190)
	at org.eclipse.lsp4j.jsonrpc.json.StreamMessageProducer.handleMessage(StreamMessageProducer.java:194)
	at org.eclipse.lsp4j.jsonrpc.json.StreamMessageProducer.listen(StreamMessageProducer.java:94)
	at org.eclipse.lsp4j.jsonrpc.json.ConcurrentMessageProcessor.run(ConcurrentMessageProcessor.java:113)
	at java.util.concurrent.Executors$RunnableAdapter.call(Executors.java:511)
	at java.util.concurrent.FutureTask.run(FutureTask.java:266)
	at java.util.concurrent.ThreadPoolExecutor.runWorker(ThreadPoolExecutor.java:1142)
	at java.util.concurrent.ThreadPoolExecutor$Worker.run(ThreadPoolExecutor.java:617)
	at java.lang.Thread.run(Thread.java:745)
Caused by: java.lang.reflect.InvocationTargetException
	at sun.reflect.GeneratedMethodAccessor2.invoke(Unknown Source)
	at sun.reflect.DelegatingMethodAccessorImpl.invoke(DelegatingMethodAccessorImpl.java:43)
	at java.lang.reflect.Method.invoke(Method.java:498)
	at org.eclipse.lsp4j.jsonrpc.services.GenericEndpoint.lambda$null$0(GenericEndpoint.java:65)
	... 11 more
Caused by: java.lang.IllegalArgumentException: 17 is not a valid line number, allowed [0..10]
	at scala.meta.internal.inputs.InternalInput.lineToOffset(InternalInput.scala:37)
	at scala.meta.internal.inputs.InternalInput.lineToOffset$(InternalInput.scala:32)
	at scala.meta.inputs.Input$VirtualFile.lineToOffset(Input.scala:80)
	at scala.meta.inputs.Position$Range$.apply(Position.scala:59)
	at scala.meta.internal.mtags.MtagsEnrichments$XtensionPositionLspInverse.toMeta(MtagsEnrichments.scala:179)
	at scala.meta.internal.parsing.Trees.$anonfun$findLastEnclosingAt$4(Trees.scala:76)
	at scala.Option.flatMap(Option.scala:283)
	at scala.meta.internal.parsing.Trees.findLastEnclosingAt(Trees.scala:75)
	at scala.meta.internal.metals.codeactions.PatternMatchRefactor.contribute(PatternMatchRefactor.scala:96)
	at scala.meta.internal.metals.CodeActionProvider$$anonfun$1.applyOrElse(CodeActionProvider.scala:64)
	at scala.meta.internal.metals.CodeActionProvider$$anonfun$1.applyOrElse(CodeActionProvider.scala:63)
	at scala.collection.immutable.List.collect(List.scala:275)
	at scala.meta.internal.metals.CodeActionProvider.codeActions(CodeActionProvider.scala:63)
	at scala.meta.internal.metals.MetalsLanguageServer.$anonfun$codeAction$1(MetalsLanguageServer.scala:1649)
	at scala.meta.internal.metals.CancelTokens$.future(CancelTokens.scala:38)
	at scala.meta.internal.metals.MetalsLanguageServer.codeAction(MetalsLanguageServer.scala:1648)
	... 15 more

2022.06.23 08:10:26 WARN  no build target for: /Users/lynnlangit/Documents/GitHub/TeamTeri/6_Programming_Languages/language-examples/testing.scala
Jun 23, 2022 8:10:26 AM org.eclipse.lsp4j.jsonrpc.RemoteEndpoint fallbackResponseError
SEVERE: Internal error: java.lang.reflect.InvocationTargetException
java.lang.RuntimeException: java.lang.reflect.InvocationTargetException
	at org.eclipse.lsp4j.jsonrpc.services.GenericEndpoint.lambda$null$0(GenericEndpoint.java:67)
	at org.eclipse.lsp4j.jsonrpc.services.GenericEndpoint.request(GenericEndpoint.java:120)
	at org.eclipse.lsp4j.jsonrpc.RemoteEndpoint.handleRequest(RemoteEndpoint.java:261)
	at org.eclipse.lsp4j.jsonrpc.RemoteEndpoint.consume(RemoteEndpoint.java:190)
	at org.eclipse.lsp4j.jsonrpc.json.StreamMessageProducer.handleMessage(StreamMessageProducer.java:194)
	at org.eclipse.lsp4j.jsonrpc.json.StreamMessageProducer.listen(StreamMessageProducer.java:94)
	at org.eclipse.lsp4j.jsonrpc.json.ConcurrentMessageProcessor.run(ConcurrentMessageProcessor.java:113)
	at java.util.concurrent.Executors$RunnableAdapter.call(Executors.java:511)
	at java.util.concurrent.FutureTask.run(FutureTask.java:266)
	at java.util.concurrent.ThreadPoolExecutor.runWorker(ThreadPoolExecutor.java:1142)
	at java.util.concurrent.ThreadPoolExecutor$Worker.run(ThreadPoolExecutor.java:617)
	at java.lang.Thread.run(Thread.java:745)
Caused by: java.lang.reflect.InvocationTargetException
	at sun.reflect.GeneratedMethodAccessor2.invoke(Unknown Source)
	at sun.reflect.DelegatingMethodAccessorImpl.invoke(DelegatingMethodAccessorImpl.java:43)
	at java.lang.reflect.Method.invoke(Method.java:498)
	at org.eclipse.lsp4j.jsonrpc.services.GenericEndpoint.lambda$null$0(GenericEndpoint.java:65)
	... 11 more
Caused by: java.lang.IllegalArgumentException: 17 is not a valid line number, allowed [0..10]
	at scala.meta.internal.inputs.InternalInput.lineToOffset(InternalInput.scala:37)
	at scala.meta.internal.inputs.InternalInput.lineToOffset$(InternalInput.scala:32)
	at scala.meta.inputs.Input$VirtualFile.lineToOffset(Input.scala:80)
	at scala.meta.inputs.Position$Range$.apply(Position.scala:59)
	at scala.meta.internal.mtags.MtagsEnrichments$XtensionPositionLspInverse.toMeta(MtagsEnrichments.scala:179)
	at scala.meta.internal.parsing.Trees.$anonfun$findLastEnclosingAt$4(Trees.scala:76)
	at scala.Option.flatMap(Option.scala:283)
	at scala.meta.internal.parsing.Trees.findLastEnclosingAt(Trees.scala:75)
	at scala.meta.internal.metals.codeactions.PatternMatchRefactor.contribute(PatternMatchRefactor.scala:96)
	at scala.meta.internal.metals.CodeActionProvider$$anonfun$1.applyOrElse(CodeActionProvider.scala:64)
	at scala.meta.internal.metals.CodeActionProvider$$anonfun$1.applyOrElse(CodeActionProvider.scala:63)
	at scala.collection.immutable.List.collect(List.scala:275)
	at scala.meta.internal.metals.CodeActionProvider.codeActions(CodeActionProvider.scala:63)
	at scala.meta.internal.metals.MetalsLanguageServer.$anonfun$codeAction$1(MetalsLanguageServer.scala:1649)
	at scala.meta.internal.metals.CancelTokens$.future(CancelTokens.scala:38)
	at scala.meta.internal.metals.MetalsLanguageServer.codeAction(MetalsLanguageServer.scala:1648)
	... 15 more

2022.06.23 08:10:39 WARN  no build target for: /Users/lynnlangit/Documents/GitHub/TeamTeri/6_Programming_Languages/language-examples/testing.scala
Jun 23, 2022 8:10:40 AM org.eclipse.lsp4j.jsonrpc.RemoteEndpoint fallbackResponseError
SEVERE: Internal error: java.lang.reflect.InvocationTargetException
java.lang.RuntimeException: java.lang.reflect.InvocationTargetException
	at org.eclipse.lsp4j.jsonrpc.services.GenericEndpoint.lambda$null$0(GenericEndpoint.java:67)
	at org.eclipse.lsp4j.jsonrpc.services.GenericEndpoint.request(GenericEndpoint.java:120)
	at org.eclipse.lsp4j.jsonrpc.RemoteEndpoint.handleRequest(RemoteEndpoint.java:261)
	at org.eclipse.lsp4j.jsonrpc.RemoteEndpoint.consume(RemoteEndpoint.java:190)
	at org.eclipse.lsp4j.jsonrpc.json.StreamMessageProducer.handleMessage(StreamMessageProducer.java:194)
	at org.eclipse.lsp4j.jsonrpc.json.StreamMessageProducer.listen(StreamMessageProducer.java:94)
	at org.eclipse.lsp4j.jsonrpc.json.ConcurrentMessageProcessor.run(ConcurrentMessageProcessor.java:113)
	at java.util.concurrent.Executors$RunnableAdapter.call(Executors.java:511)
	at java.util.concurrent.FutureTask.run(FutureTask.java:266)
	at java.util.concurrent.ThreadPoolExecutor.runWorker(ThreadPoolExecutor.java:1142)
	at java.util.concurrent.ThreadPoolExecutor$Worker.run(ThreadPoolExecutor.java:617)
	at java.lang.Thread.run(Thread.java:745)
Caused by: java.lang.reflect.InvocationTargetException
	at sun.reflect.GeneratedMethodAccessor2.invoke(Unknown Source)
	at sun.reflect.DelegatingMethodAccessorImpl.invoke(DelegatingMethodAccessorImpl.java:43)
	at java.lang.reflect.Method.invoke(Method.java:498)
	at org.eclipse.lsp4j.jsonrpc.services.GenericEndpoint.lambda$null$0(GenericEndpoint.java:65)
	... 11 more
Caused by: java.lang.IllegalArgumentException: 17 is not a valid line number, allowed [0..10]
	at scala.meta.internal.inputs.InternalInput.lineToOffset(InternalInput.scala:37)
	at scala.meta.internal.inputs.InternalInput.lineToOffset$(InternalInput.scala:32)
	at scala.meta.inputs.Input$VirtualFile.lineToOffset(Input.scala:80)
	at scala.meta.inputs.Position$Range$.apply(Position.scala:59)
	at scala.meta.internal.mtags.MtagsEnrichments$XtensionPositionLspInverse.toMeta(MtagsEnrichments.scala:179)
	at scala.meta.internal.parsing.Trees.$anonfun$findLastEnclosingAt$4(Trees.scala:76)
	at scala.Option.flatMap(Option.scala:283)
	at scala.meta.internal.parsing.Trees.findLastEnclosingAt(Trees.scala:75)
	at scala.meta.internal.metals.codeactions.PatternMatchRefactor.contribute(PatternMatchRefactor.scala:96)
	at scala.meta.internal.metals.CodeActionProvider$$anonfun$1.applyOrElse(CodeActionProvider.scala:64)
	at scala.meta.internal.metals.CodeActionProvider$$anonfun$1.applyOrElse(CodeActionProvider.scala:63)
	at scala.collection.immutable.List.collect(List.scala:275)
	at scala.meta.internal.metals.CodeActionProvider.codeActions(CodeActionProvider.scala:63)
	at scala.meta.internal.metals.MetalsLanguageServer.$anonfun$codeAction$1(MetalsLanguageServer.scala:1649)
	at scala.meta.internal.metals.CancelTokens$.future(CancelTokens.scala:38)
	at scala.meta.internal.metals.MetalsLanguageServer.codeAction(MetalsLanguageServer.scala:1648)
	... 15 more

2022.06.23 08:10:42 WARN  no build target for: /Users/lynnlangit/Documents/GitHub/TeamTeri/6_Programming_Languages/language-examples/testing.scala
Jun 23, 2022 8:10:43 AM org.eclipse.lsp4j.jsonrpc.RemoteEndpoint fallbackResponseError
SEVERE: Internal error: java.lang.reflect.InvocationTargetException
java.lang.RuntimeException: java.lang.reflect.InvocationTargetException
	at org.eclipse.lsp4j.jsonrpc.services.GenericEndpoint.lambda$null$0(GenericEndpoint.java:67)
	at org.eclipse.lsp4j.jsonrpc.services.GenericEndpoint.request(GenericEndpoint.java:120)
	at org.eclipse.lsp4j.jsonrpc.RemoteEndpoint.handleRequest(RemoteEndpoint.java:261)
	at org.eclipse.lsp4j.jsonrpc.RemoteEndpoint.consume(RemoteEndpoint.java:190)
	at org.eclipse.lsp4j.jsonrpc.json.StreamMessageProducer.handleMessage(StreamMessageProducer.java:194)
	at org.eclipse.lsp4j.jsonrpc.json.StreamMessageProducer.listen(StreamMessageProducer.java:94)
	at org.eclipse.lsp4j.jsonrpc.json.ConcurrentMessageProcessor.run(ConcurrentMessageProcessor.java:113)
	at java.util.concurrent.Executors$RunnableAdapter.call(Executors.java:511)
	at java.util.concurrent.FutureTask.run(FutureTask.java:266)
	at java.util.concurrent.ThreadPoolExecutor.runWorker(ThreadPoolExecutor.java:1142)
	at java.util.concurrent.ThreadPoolExecutor$Worker.run(ThreadPoolExecutor.java:617)
	at java.lang.Thread.run(Thread.java:745)
Caused by: java.lang.reflect.InvocationTargetException
	at sun.reflect.GeneratedMethodAccessor2.invoke(Unknown Source)
	at sun.reflect.DelegatingMethodAccessorImpl.invoke(DelegatingMethodAccessorImpl.java:43)
	at java.lang.reflect.Method.invoke(Method.java:498)
	at org.eclipse.lsp4j.jsonrpc.services.GenericEndpoint.lambda$null$0(GenericEndpoint.java:65)
	... 11 more
Caused by: java.lang.IllegalArgumentException: 19 is not a valid line number, allowed [0..10]
	at scala.meta.internal.inputs.InternalInput.lineToOffset(InternalInput.scala:37)
	at scala.meta.internal.inputs.InternalInput.lineToOffset$(InternalInput.scala:32)
	at scala.meta.inputs.Input$VirtualFile.lineToOffset(Input.scala:80)
	at scala.meta.inputs.Position$Range$.apply(Position.scala:59)
	at scala.meta.internal.mtags.MtagsEnrichments$XtensionPositionLspInverse.toMeta(MtagsEnrichments.scala:179)
	at scala.meta.internal.parsing.Trees.$anonfun$findLastEnclosingAt$4(Trees.scala:76)
	at scala.Option.flatMap(Option.scala:283)
	at scala.meta.internal.parsing.Trees.findLastEnclosingAt(Trees.scala:75)
	at scala.meta.internal.metals.codeactions.PatternMatchRefactor.contribute(PatternMatchRefactor.scala:96)
	at scala.meta.internal.metals.CodeActionProvider$$anonfun$1.applyOrElse(CodeActionProvider.scala:64)
	at scala.meta.internal.metals.CodeActionProvider$$anonfun$1.applyOrElse(CodeActionProvider.scala:63)
	at scala.collection.immutable.List.collect(List.scala:275)
	at scala.meta.internal.metals.CodeActionProvider.codeActions(CodeActionProvider.scala:63)
	at scala.meta.internal.metals.MetalsLanguageServer.$anonfun$codeAction$1(MetalsLanguageServer.scala:1649)
	at scala.meta.internal.metals.CancelTokens$.future(CancelTokens.scala:38)
	at scala.meta.internal.metals.MetalsLanguageServer.codeAction(MetalsLanguageServer.scala:1648)
	... 15 more

2022.06.23 08:10:43 WARN  no build target for: /Users/lynnlangit/Documents/GitHub/TeamTeri/6_Programming_Languages/language-examples/testing.scala
2022.06.23 08:10:47 WARN  no build target for: /Users/lynnlangit/Documents/GitHub/TeamTeri/6_Programming_Languages/language-examples/testing.scala
2022.06.23 08:10:58 WARN  no build target for: /Users/lynnlangit/Documents/GitHub/TeamTeri/6_Programming_Languages/language-examples/testing.scala
2022.06.23 08:11:09 WARN  no build target for: /Users/lynnlangit/Documents/GitHub/TeamTeri/6_Programming_Languages/language-examples/testing.scala
2022.06.23 08:11:14 WARN  no build target for: /Users/lynnlangit/Documents/GitHub/TeamTeri/6_Programming_Languages/language-examples/testing.scala
2022.06.23 08:11:34 WARN  no build target for: /Users/lynnlangit/Documents/GitHub/TeamTeri/6_Programming_Languages/language-examples/testing.scala
2022.06.23 08:11:36 WARN  no build target for: /Users/lynnlangit/Documents/GitHub/TeamTeri/6_Programming_Languages/language-examples/testing.scala
2022.06.23 08:11:44 WARN  no build target for: /Users/lynnlangit/Documents/GitHub/TeamTeri/6_Programming_Languages/language-examples/testing.scala
2022.06.23 08:11:47 WARN  no build target for: /Users/lynnlangit/Documents/GitHub/TeamTeri/6_Programming_Languages/language-examples/testing.scala
2022.06.23 08:11:49 WARN  no build target for: /Users/lynnlangit/Documents/GitHub/TeamTeri/6_Programming_Languages/language-examples/testing.scala
2022.06.23 08:11:54 WARN  no build target for: /Users/lynnlangit/Documents/GitHub/TeamTeri/6_Programming_Languages/language-examples/testing.scala
2022.06.23 08:11:57 WARN  no build target for: /Users/lynnlangit/Documents/GitHub/TeamTeri/6_Programming_Languages/language-examples/testing.scala
2022.06.23 08:11:58 WARN  no build target for: /Users/lynnlangit/Documents/GitHub/TeamTeri/6_Programming_Languages/language-examples/testing.scala
2022.06.23 08:11:59 WARN  no build target for: /Users/lynnlangit/Documents/GitHub/TeamTeri/6_Programming_Languages/language-examples/testing.scala
2022.06.25 12:44:22 INFO  tracing is disabled for protocol LSP, to enable tracing of incoming and outgoing JSON messages create an empty file at /Users/lynnlangit/Documents/GitHub/TeamTeri/.metals/lsp.trace.json or /Users/lynnlangit/Library/Caches/org.scalameta.metals/lsp.trace.json
2022.06.25 12:44:25 INFO  logging to file /Users/lynnlangit/Documents/GitHub/TeamTeri/.metals/metals.log
2022.06.25 12:44:25 INFO  Started: Metals version 0.11.6 in workspace '/Users/lynnlangit/Documents/GitHub/TeamTeri' for client Visual Studio Code 1.68.1.
2022.06.25 12:44:29 INFO  time: initialize in 4.41s
2022.06.25 12:44:31 WARN  Flyway upgrade recommended: H2 2.1.212 is newer than this version of Flyway and support has not been tested. The latest supported version of H2 is 2.1.210.
2022.06.25 12:44:31 WARN  Build server is not auto-connectable.
2022.06.25 12:44:31 WARN  no build tool detected in workspace '/Users/lynnlangit/Documents/GitHub/TeamTeri'. The most common cause for this problem is that the editor was opened in the wrong working directory, for example if you use sbt then the workspace directory should contain build.sbt. 
Jun 25, 2022 12:52:38 PM org.eclipse.lsp4j.jsonrpc.services.GenericEndpoint notify
INFO: Unsupported notification method: $/setTrace
Jun 25, 2022 12:52:40 PM org.eclipse.lsp4j.jsonrpc.services.GenericEndpoint notify
INFO: Unsupported notification method: $/setTrace
